[debug] [2025-07-01T14:58:35.007Z] ----------------------------------------------------------------------
[debug] [2025-07-01T14:58:35.008Z] Command:       /usr/local/bin/node /usr/local/bin/firebase emulators:start --only firestore,ui --project my-local-test-project
[debug] [2025-07-01T14:58:35.008Z] CLI Version:   14.9.0
[debug] [2025-07-01T14:58:35.008Z] Platform:      linux
[debug] [2025-07-01T14:58:35.009Z] Node Version:  v20.19.3
[debug] [2025-07-01T14:58:35.009Z] Time:          Tue Jul 01 2025 14:58:35 GMT+0000 (Coordinated Universal Time)
[debug] [2025-07-01T14:58:35.009Z] ----------------------------------------------------------------------
[debug] 
[debug] [2025-07-01T14:58:35.010Z] >>> [apiv2][query] GET https://firebase-public.firebaseio.com/cli.json [none]
[debug] [2025-07-01T14:58:35.186Z] > command requires scopes: ["email","openid","https://www.googleapis.com/auth/cloudplatformprojects.readonly","https://www.googleapis.com/auth/firebase","https://www.googleapis.com/auth/cloud-platform"]
[debug] Failed to authenticate, have you run firebase login?
[warn] ⚠  emulators: You are not currently authenticated so some features may not work correctly. Please run firebase login to authenticate the CLI. 
[debug] [2025-07-01T14:58:35.232Z] openjdk version "11.0.27" 2025-04-15
OpenJDK Runtime Environment (build 11.0.27+6-alpine-r0)
OpenJDK 64-Bit Server VM (build 11.0.27+6-alpine-r0, mixed mode)

[debug] [2025-07-01T14:58:35.245Z] Parsed Java major version: 11
[info] i  emulators: Starting emulators: firestore {"metadata":{"emulator":{"name":"hub"},"message":"Starting emulators: firestore"}}
[warn] ⚠  ui: Not starting the ui emulator, make sure you have run firebase init. {"metadata":{"emulator":{"name":"ui"},"message":"Not starting the ui emulator, make sure you have run firebase init."}}
[debug] [2025-07-01T14:58:35.249Z] [logging] Logging Emulator only supports listening on one address (127.0.0.1). Not listening on ::1
[debug] [2025-07-01T14:58:35.249Z] [firestore] Firestore Emulator only supports listening on one address (127.0.0.1). Not listening on ::1
[debug] [2025-07-01T14:58:35.249Z] [firestore.websocket] websocket server for firestore only supports listening on one address (127.0.0.1). Not listening on ::1
[debug] [2025-07-01T14:58:35.249Z] assigned listening specs for emulators {"user":{"hub":[{"address":"127.0.0.1","family":"IPv4","port":4400},{"address":"::1","family":"IPv6","port":4400}],"ui":[{"address":"127.0.0.1","family":"IPv4","port":4000},{"address":"::1","family":"IPv6","port":4000}],"logging":[{"address":"127.0.0.1","family":"IPv4","port":4500}],"firestore":[{"address":"127.0.0.1","family":"IPv4","port":8080}],"firestore.websocket":[{"address":"127.0.0.1","family":"IPv4","port":9150}]},"metadata":{"message":"assigned listening specs for emulators"}}
[debug] [2025-07-01T14:58:35.251Z] [hub] writing locator at /tmp/hub-my-local-test-project.json
[info] i  firestore: downloading cloud-firestore-emulator-v1.19.8.jar... {"metadata":{"emulator":{"name":"firestore"},"message":"downloading cloud-firestore-emulator-v1.19.8.jar..."}}
[debug] [2025-07-01T14:58:35.256Z] >>> [apiv2][query] GET https://storage.googleapis.com/firebase-preview-drop/emulator/cloud-firestore-emulator-v1.19.8.jar 
[debug] [2025-07-01T14:58:35.435Z] <<< [apiv2][status] GET https://firebase-public.firebaseio.com/cli.json 200
[debug] [2025-07-01T14:58:35.435Z] <<< [apiv2][body] GET https://firebase-public.firebaseio.com/cli.json {"cloudBuildErrorAfter":1594252800000,"cloudBuildWarnAfter":1590019200000,"defaultNode10After":1594252800000,"minVersion":"3.0.5","node8DeploysDisabledAfter":1613390400000,"node8RuntimeDisabledAfter":1615809600000,"node8WarnAfter":1600128000000}
[debug] [2025-07-01T14:58:35.465Z] <<< [apiv2][status] GET https://storage.googleapis.com/firebase-preview-drop/emulator/cloud-firestore-emulator-v1.19.8.jar 200
[debug] [2025-07-01T14:58:35.465Z] <<< [apiv2][body] GET https://storage.googleapis.com/firebase-preview-drop/emulator/cloud-firestore-emulator-v1.19.8.jar [stream]
[debug] [2025-07-01T14:58:41.779Z] Ignoring unsupported arg: auto_download {"metadata":{"emulator":{"name":"firestore"},"message":"Ignoring unsupported arg: auto_download"}}
[debug] [2025-07-01T14:58:41.779Z] Ignoring unsupported arg: single_project_mode_error {"metadata":{"emulator":{"name":"firestore"},"message":"Ignoring unsupported arg: single_project_mode_error"}}
[debug] [2025-07-01T14:58:41.779Z] Starting Firestore Emulator with command {"binary":"java","args":["-Dgoogle.cloud_firestore.debug_log_level=FINE","-Duser.language=en","-jar","/root/.cache/firebase/emulators/cloud-firestore-emulator-v1.19.8.jar","--host","127.0.0.1","--port",8080,"--websocket_port",9150,"--project_id","my-local-test-project","--rules","/app/firestore.rules","--single_project_mode",true],"optionalArgs":["port","webchannel_port","host","rules","websocket_port","functions_emulator","seed_from_export","project_id","single_project_mode"],"joinArgs":false,"shell":false,"port":8080} {"metadata":{"emulator":{"name":"firestore"},"message":"Starting Firestore Emulator with command {\"binary\":\"java\",\"args\":[\"-Dgoogle.cloud_firestore.debug_log_level=FINE\",\"-Duser.language=en\",\"-jar\",\"/root/.cache/firebase/emulators/cloud-firestore-emulator-v1.19.8.jar\",\"--host\",\"127.0.0.1\",\"--port\",8080,\"--websocket_port\",9150,\"--project_id\",\"my-local-test-project\",\"--rules\",\"/app/firestore.rules\",\"--single_project_mode\",true],\"optionalArgs\":[\"port\",\"webchannel_port\",\"host\",\"rules\",\"websocket_port\",\"functions_emulator\",\"seed_from_export\",\"project_id\",\"single_project_mode\"],\"joinArgs\":false,\"shell\":false,\"port\":8080}"}}
[info] i  firestore: Firestore Emulator logging to firestore-debug.log {"metadata":{"emulator":{"name":"firestore"},"message":"Firestore Emulator logging to firestore-debug.log"}}
[debug] [2025-07-01T14:58:42.484Z] Jul 01, 2025 2:58:42 PM com.google.cloud.datastore.emulator.firestore.websocket.WebSocketServer start
INFO: Started WebSocket server on ws://127.0.0.1:9150
 {"metadata":{"emulator":{"name":"firestore"},"message":"Jul 01, 2025 2:58:42 PM com.google.cloud.datastore.emulator.firestore.websocket.WebSocketServer start\nINFO: Started WebSocket server on ws://127.0.0.1:9150\n"}}
[debug] [2025-07-01T14:58:42.561Z] API endpoint: http://127.0.0.1:8080
If you are using a library that supports the FIRESTORE_EMULATOR_HOST environment variable, run: {"metadata":{"emulator":{"name":"firestore"},"message":"API endpoint: http://127.0.0.1:8080\nIf you are using a library that supports the FIRESTORE_EMULATOR_HOST environment variable, run:"}}
[debug] [2025-07-01T14:58:42.561Z] 

   export FIRESTORE_EMULATOR_HOST=127.0.0.1:8080

If you are running a Firestore in Datastore Mode project, run:

   export DATASTORE_EMULATOR_HOST=127.0.0.1:8080

Note: Support for Datastore Mode is in preview. If you encounter any bugs please file at https://github.com/firebase/firebase-tools/issues.
Dev App Server is now running.

 {"metadata":{"emulator":{"name":"firestore"},"message":"\n\n   export FIRESTORE_EMULATOR_HOST=127.0.0.1:8080\n\nIf you are running a Firestore in Datastore Mode project, run:\n\n   export DATASTORE_EMULATOR_HOST=127.0.0.1:8080\n\nNote: Support for Datastore Mode is in preview. If you encounter any bugs please file at https://github.com/firebase/firebase-tools/issues.\nDev App Server is now running.\n\n"}}
[info] ✔  firestore: Firestore Emulator UI websocket is running on 9150. {"metadata":{"emulator":{"name":"firestore"},"message":"Firestore Emulator UI websocket is running on 9150."}}
[info] i  ui: downloading ui-v1.15.0.zip... {"metadata":{"emulator":{"name":"ui"},"message":"downloading ui-v1.15.0.zip..."}}
[debug] [2025-07-01T14:58:42.598Z] >>> [apiv2][query] GET https://storage.googleapis.com/firebase-preview-drop/emulator/ui-v1.15.0.zip 
[debug] [2025-07-01T14:58:42.616Z] <<< [apiv2][status] GET https://storage.googleapis.com/firebase-preview-drop/emulator/ui-v1.15.0.zip 200
[debug] [2025-07-01T14:58:42.617Z] <<< [apiv2][body] GET https://storage.googleapis.com/firebase-preview-drop/emulator/ui-v1.15.0.zip [stream]
[debug] [2025-07-01T14:58:42.954Z] Data is 3538469
[debug] [2025-07-01T14:58:42.955Z] [unzip] Entry: client/ (compressed_size=0 bytes, uncompressed_size=0 bytes)
[debug] [2025-07-01T14:58:42.955Z] [unzip] Processing entry: client/
[debug] [2025-07-01T14:58:42.955Z] [unzip] mkdir: /root/.cache/firebase/emulators/ui-v1.15.0/client/
[debug] [2025-07-01T14:58:42.964Z] [unzip] Entry: client/favicon-16x16.png (compressed_size=293 bytes, uncompressed_size=293 bytes)
[debug] [2025-07-01T14:58:42.964Z] [unzip] Processing entry: client/favicon-16x16.png
[debug] [2025-07-01T14:58:42.964Z] [unzip] else mkdir: /root/.cache/firebase/emulators/ui-v1.15.0/client
[debug] [2025-07-01T14:58:42.965Z] [unzip] Writing file: /root/.cache/firebase/emulators/ui-v1.15.0/client/favicon-16x16.png
[debug] [2025-07-01T14:58:42.965Z] [unzip] Entry: client/safari-pinned-tab.svg (compressed_size=1433 bytes, uncompressed_size=2611 bytes)
[debug] [2025-07-01T14:58:42.965Z] [unzip] Processing entry: client/safari-pinned-tab.svg
[debug] [2025-07-01T14:58:42.965Z] [unzip] else mkdir: /root/.cache/firebase/emulators/ui-v1.15.0/client
[debug] [2025-07-01T14:58:42.966Z] [unzip] deflating: /root/.cache/firebase/emulators/ui-v1.15.0/client/safari-pinned-tab.svg
[debug] [2025-07-01T14:58:42.968Z] [unzip] Entry: client/favicon.ico (compressed_size=2933 bytes, uncompressed_size=13294 bytes)
[debug] [2025-07-01T14:58:42.968Z] [unzip] Processing entry: client/favicon.ico
[debug] [2025-07-01T14:58:42.968Z] [unzip] else mkdir: /root/.cache/firebase/emulators/ui-v1.15.0/client
[debug] [2025-07-01T14:58:42.968Z] [unzip] deflating: /root/.cache/firebase/emulators/ui-v1.15.0/client/favicon.ico
[debug] [2025-07-01T14:58:42.969Z] [unzip] Entry: client/index.html (compressed_size=1364 bytes, uncompressed_size=3071 bytes)
[debug] [2025-07-01T14:58:42.969Z] [unzip] Processing entry: client/index.html
[debug] [2025-07-01T14:58:42.969Z] [unzip] else mkdir: /root/.cache/firebase/emulators/ui-v1.15.0/client
[debug] [2025-07-01T14:58:42.969Z] [unzip] deflating: /root/.cache/firebase/emulators/ui-v1.15.0/client/index.html
[debug] [2025-07-01T14:58:42.971Z] [unzip] Entry: client/android-chrome-192x192.png (compressed_size=2684 bytes, uncompressed_size=2684 bytes)
[debug] [2025-07-01T14:58:42.971Z] [unzip] Processing entry: client/android-chrome-192x192.png
[debug] [2025-07-01T14:58:42.971Z] [unzip] else mkdir: /root/.cache/firebase/emulators/ui-v1.15.0/client
[debug] [2025-07-01T14:58:42.971Z] [unzip] Writing file: /root/.cache/firebase/emulators/ui-v1.15.0/client/android-chrome-192x192.png
[debug] [2025-07-01T14:58:42.971Z] [unzip] Entry: client/apple-touch-icon.png (compressed_size=2123 bytes, uncompressed_size=2152 bytes)
[debug] [2025-07-01T14:58:42.971Z] [unzip] Processing entry: client/apple-touch-icon.png
[debug] [2025-07-01T14:58:42.971Z] [unzip] else mkdir: /root/.cache/firebase/emulators/ui-v1.15.0/client
[debug] [2025-07-01T14:58:42.971Z] [unzip] deflating: /root/.cache/firebase/emulators/ui-v1.15.0/client/apple-touch-icon.png
[debug] [2025-07-01T14:58:42.972Z] [unzip] Entry: client/android-chrome-512x512.png (compressed_size=5369 bytes, uncompressed_size=5411 bytes)
[debug] [2025-07-01T14:58:42.972Z] [unzip] Processing entry: client/android-chrome-512x512.png
[debug] [2025-07-01T14:58:42.972Z] [unzip] else mkdir: /root/.cache/firebase/emulators/ui-v1.15.0/client
[debug] [2025-07-01T14:58:42.972Z] [unzip] deflating: /root/.cache/firebase/emulators/ui-v1.15.0/client/android-chrome-512x512.png
[debug] [2025-07-01T14:58:42.973Z] [unzip] Entry: client/manifest.json (compressed_size=245 bytes, uncompressed_size=551 bytes)
[debug] [2025-07-01T14:58:42.973Z] [unzip] Processing entry: client/manifest.json
[debug] [2025-07-01T14:58:42.973Z] [unzip] else mkdir: /root/.cache/firebase/emulators/ui-v1.15.0/client
[debug] [2025-07-01T14:58:42.973Z] [unzip] deflating: /root/.cache/firebase/emulators/ui-v1.15.0/client/manifest.json
[debug] [2025-07-01T14:58:42.974Z] [unzip] Entry: client/robots.txt (compressed_size=26 bytes, uncompressed_size=26 bytes)
[debug] [2025-07-01T14:58:42.974Z] [unzip] Processing entry: client/robots.txt
[debug] [2025-07-01T14:58:42.974Z] [unzip] else mkdir: /root/.cache/firebase/emulators/ui-v1.15.0/client
[debug] [2025-07-01T14:58:42.974Z] [unzip] Writing file: /root/.cache/firebase/emulators/ui-v1.15.0/client/robots.txt
[debug] [2025-07-01T14:58:42.974Z] [unzip] Entry: client/mstile-150x150.png (compressed_size=2034 bytes, uncompressed_size=2034 bytes)
[debug] [2025-07-01T14:58:42.975Z] [unzip] Processing entry: client/mstile-150x150.png
[debug] [2025-07-01T14:58:42.975Z] [unzip] else mkdir: /root/.cache/firebase/emulators/ui-v1.15.0/client
[debug] [2025-07-01T14:58:42.975Z] [unzip] Writing file: /root/.cache/firebase/emulators/ui-v1.15.0/client/mstile-150x150.png
[debug] [2025-07-01T14:58:42.975Z] [unzip] Entry: client/assets/ (compressed_size=0 bytes, uncompressed_size=0 bytes)
[debug] [2025-07-01T14:58:42.975Z] [unzip] Processing entry: client/assets/
[debug] [2025-07-01T14:58:42.975Z] [unzip] mkdir: /root/.cache/firebase/emulators/ui-v1.15.0/client/assets/
[debug] [2025-07-01T14:58:42.975Z] [unzip] Entry: client/assets/index-BX-A56oj.js (compressed_size=582089 bytes, uncompressed_size=2092775 bytes)
[debug] [2025-07-01T14:58:42.976Z] [unzip] Processing entry: client/assets/index-BX-A56oj.js
[debug] [2025-07-01T14:58:42.976Z] [unzip] else mkdir: /root/.cache/firebase/emulators/ui-v1.15.0/client/assets
[debug] [2025-07-01T14:58:42.976Z] [unzip] deflating: /root/.cache/firebase/emulators/ui-v1.15.0/client/assets/index-BX-A56oj.js
[debug] [2025-07-01T14:58:42.988Z] [unzip] Entry: client/assets/index-CjB9C900.css (compressed_size=35979 bytes, uncompressed_size=298654 bytes)
[debug] [2025-07-01T14:58:42.988Z] [unzip] Processing entry: client/assets/index-CjB9C900.css
[debug] [2025-07-01T14:58:42.988Z] [unzip] else mkdir: /root/.cache/firebase/emulators/ui-v1.15.0/client/assets
[debug] [2025-07-01T14:58:42.989Z] [unzip] deflating: /root/.cache/firebase/emulators/ui-v1.15.0/client/assets/index-CjB9C900.css
[debug] [2025-07-01T14:58:42.991Z] [unzip] Entry: client/assets/index-BX-A56oj.js.map (compressed_size=2362482 bytes, uncompressed_size=10036679 bytes)
[debug] [2025-07-01T14:58:42.991Z] [unzip] Processing entry: client/assets/index-BX-A56oj.js.map
[debug] [2025-07-01T14:58:42.991Z] [unzip] else mkdir: /root/.cache/firebase/emulators/ui-v1.15.0/client/assets
[debug] [2025-07-01T14:58:42.991Z] [unzip] deflating: /root/.cache/firebase/emulators/ui-v1.15.0/client/assets/index-BX-A56oj.js.map
[debug] [2025-07-01T14:58:43.049Z] [unzip] Entry: client/assets/extensions/ (compressed_size=0 bytes, uncompressed_size=0 bytes)
[debug] [2025-07-01T14:58:43.049Z] [unzip] Processing entry: client/assets/extensions/
[debug] [2025-07-01T14:58:43.049Z] [unzip] mkdir: /root/.cache/firebase/emulators/ui-v1.15.0/client/assets/extensions/
[debug] [2025-07-01T14:58:43.049Z] [unzip] Entry: client/assets/extensions/default-extension.png (compressed_size=1646 bytes, uncompressed_size=1657 bytes)
[debug] [2025-07-01T14:58:43.050Z] [unzip] Processing entry: client/assets/extensions/default-extension.png
[debug] [2025-07-01T14:58:43.050Z] [unzip] else mkdir: /root/.cache/firebase/emulators/ui-v1.15.0/client/assets/extensions
[debug] [2025-07-01T14:58:43.050Z] [unzip] deflating: /root/.cache/firebase/emulators/ui-v1.15.0/client/assets/extensions/default-extension.png
[debug] [2025-07-01T14:58:43.050Z] [unzip] Entry: client/assets/img/ (compressed_size=0 bytes, uncompressed_size=0 bytes)
[debug] [2025-07-01T14:58:43.050Z] [unzip] Processing entry: client/assets/img/
[debug] [2025-07-01T14:58:43.050Z] [unzip] mkdir: /root/.cache/firebase/emulators/ui-v1.15.0/client/assets/img/
[debug] [2025-07-01T14:58:43.051Z] [unzip] Entry: client/assets/img/database.png (compressed_size=29449 bytes, uncompressed_size=29988 bytes)
[debug] [2025-07-01T14:58:43.051Z] [unzip] Processing entry: client/assets/img/database.png
[debug] [2025-07-01T14:58:43.051Z] [unzip] else mkdir: /root/.cache/firebase/emulators/ui-v1.15.0/client/assets/img
[debug] [2025-07-01T14:58:43.051Z] [unzip] deflating: /root/.cache/firebase/emulators/ui-v1.15.0/client/assets/img/database.png
[debug] [2025-07-01T14:58:43.052Z] [unzip] Entry: client/assets/provider-icons/ (compressed_size=0 bytes, uncompressed_size=0 bytes)
[debug] [2025-07-01T14:58:43.052Z] [unzip] Processing entry: client/assets/provider-icons/
[debug] [2025-07-01T14:58:43.052Z] [unzip] mkdir: /root/.cache/firebase/emulators/ui-v1.15.0/client/assets/provider-icons/
[debug] [2025-07-01T14:58:43.052Z] [unzip] Entry: client/assets/provider-icons/auth_service_saml.svg (compressed_size=575 bytes, uncompressed_size=1226 bytes)
[debug] [2025-07-01T14:58:43.052Z] [unzip] Processing entry: client/assets/provider-icons/auth_service_saml.svg
[debug] [2025-07-01T14:58:43.052Z] [unzip] else mkdir: /root/.cache/firebase/emulators/ui-v1.15.0/client/assets/provider-icons
[debug] [2025-07-01T14:58:43.052Z] [unzip] deflating: /root/.cache/firebase/emulators/ui-v1.15.0/client/assets/provider-icons/auth_service_saml.svg
[debug] [2025-07-01T14:58:43.053Z] [unzip] Entry: client/assets/provider-icons/auth_service_phone.svg (compressed_size=261 bytes, uncompressed_size=414 bytes)
[debug] [2025-07-01T14:58:43.053Z] [unzip] Processing entry: client/assets/provider-icons/auth_service_phone.svg
[debug] [2025-07-01T14:58:43.053Z] [unzip] else mkdir: /root/.cache/firebase/emulators/ui-v1.15.0/client/assets/provider-icons
[debug] [2025-07-01T14:58:43.053Z] [unzip] deflating: /root/.cache/firebase/emulators/ui-v1.15.0/client/assets/provider-icons/auth_service_phone.svg
[debug] [2025-07-01T14:58:43.053Z] [unzip] Entry: client/assets/provider-icons/auth_service_facebook.svg (compressed_size=289 bytes, uncompressed_size=457 bytes)
[debug] [2025-07-01T14:58:43.053Z] [unzip] Processing entry: client/assets/provider-icons/auth_service_facebook.svg
[debug] [2025-07-01T14:58:43.053Z] [unzip] else mkdir: /root/.cache/firebase/emulators/ui-v1.15.0/client/assets/provider-icons
[debug] [2025-07-01T14:58:43.054Z] [unzip] deflating: /root/.cache/firebase/emulators/ui-v1.15.0/client/assets/provider-icons/auth_service_facebook.svg
[debug] [2025-07-01T14:58:43.054Z] [unzip] Entry: client/assets/provider-icons/auth_service_game_center.svg (compressed_size=991 bytes, uncompressed_size=3921 bytes)
[debug] [2025-07-01T14:58:43.054Z] [unzip] Processing entry: client/assets/provider-icons/auth_service_game_center.svg
[debug] [2025-07-01T14:58:43.054Z] [unzip] else mkdir: /root/.cache/firebase/emulators/ui-v1.15.0/client/assets/provider-icons
[debug] [2025-07-01T14:58:43.054Z] [unzip] deflating: /root/.cache/firebase/emulators/ui-v1.15.0/client/assets/provider-icons/auth_service_game_center.svg
[debug] [2025-07-01T14:58:43.055Z] [unzip] Entry: client/assets/provider-icons/auth_service_apple.svg (compressed_size=230 bytes, uncompressed_size=334 bytes)
[debug] [2025-07-01T14:58:43.055Z] [unzip] Processing entry: client/assets/provider-icons/auth_service_apple.svg
[debug] [2025-07-01T14:58:43.055Z] [unzip] else mkdir: /root/.cache/firebase/emulators/ui-v1.15.0/client/assets/provider-icons
[debug] [2025-07-01T14:58:43.055Z] [unzip] deflating: /root/.cache/firebase/emulators/ui-v1.15.0/client/assets/provider-icons/auth_service_apple.svg
[debug] [2025-07-01T14:58:43.056Z] [unzip] Entry: client/assets/provider-icons/auth_service_github.svg (compressed_size=466 bytes, uncompressed_size=838 bytes)
[debug] [2025-07-01T14:58:43.056Z] [unzip] Processing entry: client/assets/provider-icons/auth_service_github.svg
[debug] [2025-07-01T14:58:43.056Z] [unzip] else mkdir: /root/.cache/firebase/emulators/ui-v1.15.0/client/assets/provider-icons
[debug] [2025-07-01T14:58:43.056Z] [unzip] deflating: /root/.cache/firebase/emulators/ui-v1.15.0/client/assets/provider-icons/auth_service_github.svg
[debug] [2025-07-01T14:58:43.056Z] [unzip] Entry: client/assets/provider-icons/auth_service_mslive.svg (compressed_size=203 bytes, uncompressed_size=378 bytes)
[debug] [2025-07-01T14:58:43.056Z] [unzip] Processing entry: client/assets/provider-icons/auth_service_mslive.svg
[debug] [2025-07-01T14:58:43.057Z] [unzip] else mkdir: /root/.cache/firebase/emulators/ui-v1.15.0/client/assets/provider-icons
[debug] [2025-07-01T14:58:43.057Z] [unzip] deflating: /root/.cache/firebase/emulators/ui-v1.15.0/client/assets/provider-icons/auth_service_mslive.svg
[debug] [2025-07-01T14:58:43.057Z] [unzip] Entry: client/assets/provider-icons/auth_service_yahoo.svg (compressed_size=577 bytes, uncompressed_size=1182 bytes)
[debug] [2025-07-01T14:58:43.058Z] [unzip] Processing entry: client/assets/provider-icons/auth_service_yahoo.svg
[debug] [2025-07-01T14:58:43.058Z] [unzip] else mkdir: /root/.cache/firebase/emulators/ui-v1.15.0/client/assets/provider-icons
[debug] [2025-07-01T14:58:43.058Z] [unzip] deflating: /root/.cache/firebase/emulators/ui-v1.15.0/client/assets/provider-icons/auth_service_yahoo.svg
[debug] [2025-07-01T14:58:43.058Z] [unzip] Entry: client/assets/provider-icons/auth_service_twitter.svg (compressed_size=444 bytes, uncompressed_size=751 bytes)
[debug] [2025-07-01T14:58:43.058Z] [unzip] Processing entry: client/assets/provider-icons/auth_service_twitter.svg
[debug] [2025-07-01T14:58:43.058Z] [unzip] else mkdir: /root/.cache/firebase/emulators/ui-v1.15.0/client/assets/provider-icons
[debug] [2025-07-01T14:58:43.059Z] [unzip] deflating: /root/.cache/firebase/emulators/ui-v1.15.0/client/assets/provider-icons/auth_service_twitter.svg
[debug] [2025-07-01T14:58:43.060Z] [unzip] Entry: client/assets/provider-icons/auth_service_play_games.svg (compressed_size=565 bytes, uncompressed_size=1173 bytes)
[debug] [2025-07-01T14:58:43.060Z] [unzip] Processing entry: client/assets/provider-icons/auth_service_play_games.svg
[debug] [2025-07-01T14:58:43.060Z] [unzip] else mkdir: /root/.cache/firebase/emulators/ui-v1.15.0/client/assets/provider-icons
[debug] [2025-07-01T14:58:43.060Z] [unzip] deflating: /root/.cache/firebase/emulators/ui-v1.15.0/client/assets/provider-icons/auth_service_play_games.svg
[debug] [2025-07-01T14:58:43.061Z] [unzip] Entry: client/assets/provider-icons/auth_service_email.svg (compressed_size=228 bytes, uncompressed_size=326 bytes)
[debug] [2025-07-01T14:58:43.061Z] [unzip] Processing entry: client/assets/provider-icons/auth_service_email.svg
[debug] [2025-07-01T14:58:43.061Z] [unzip] else mkdir: /root/.cache/firebase/emulators/ui-v1.15.0/client/assets/provider-icons
[debug] [2025-07-01T14:58:43.061Z] [unzip] deflating: /root/.cache/firebase/emulators/ui-v1.15.0/client/assets/provider-icons/auth_service_email.svg
[debug] [2025-07-01T14:58:43.061Z] [unzip] Entry: client/assets/provider-icons/auth_service_google.svg (compressed_size=409 bytes, uncompressed_size=720 bytes)
[debug] [2025-07-01T14:58:43.061Z] [unzip] Processing entry: client/assets/provider-icons/auth_service_google.svg
[debug] [2025-07-01T14:58:43.061Z] [unzip] else mkdir: /root/.cache/firebase/emulators/ui-v1.15.0/client/assets/provider-icons
[debug] [2025-07-01T14:58:43.061Z] [unzip] deflating: /root/.cache/firebase/emulators/ui-v1.15.0/client/assets/provider-icons/auth_service_google.svg
[debug] [2025-07-01T14:58:43.062Z] [unzip] Entry: client/assets/provider-icons/auth_service_oidc.svg (compressed_size=414 bytes, uncompressed_size=858 bytes)
[debug] [2025-07-01T14:58:43.062Z] [unzip] Processing entry: client/assets/provider-icons/auth_service_oidc.svg
[debug] [2025-07-01T14:58:43.062Z] [unzip] else mkdir: /root/.cache/firebase/emulators/ui-v1.15.0/client/assets/provider-icons
[debug] [2025-07-01T14:58:43.062Z] [unzip] deflating: /root/.cache/firebase/emulators/ui-v1.15.0/client/assets/provider-icons/auth_service_oidc.svg
[debug] [2025-07-01T14:58:43.063Z] [unzip] Entry: client/browserconfig.xml (compressed_size=491 bytes, uncompressed_size=822 bytes)
[debug] [2025-07-01T14:58:43.063Z] [unzip] Processing entry: client/browserconfig.xml
[debug] [2025-07-01T14:58:43.063Z] [unzip] else mkdir: /root/.cache/firebase/emulators/ui-v1.15.0/client
[debug] [2025-07-01T14:58:43.063Z] [unzip] deflating: /root/.cache/firebase/emulators/ui-v1.15.0/client/browserconfig.xml
[debug] [2025-07-01T14:58:43.064Z] [unzip] Entry: client/favicon-32x32.png (compressed_size=475 bytes, uncompressed_size=475 bytes)
[debug] [2025-07-01T14:58:43.064Z] [unzip] Processing entry: client/favicon-32x32.png
[debug] [2025-07-01T14:58:43.064Z] [unzip] else mkdir: /root/.cache/firebase/emulators/ui-v1.15.0/client
[debug] [2025-07-01T14:58:43.064Z] [unzip] Writing file: /root/.cache/firebase/emulators/ui-v1.15.0/client/favicon-32x32.png
[debug] [2025-07-01T14:58:43.064Z] [unzip] Entry: server/ (compressed_size=0 bytes, uncompressed_size=0 bytes)
[debug] [2025-07-01T14:58:43.064Z] [unzip] Processing entry: server/
[debug] [2025-07-01T14:58:43.064Z] [unzip] mkdir: /root/.cache/firebase/emulators/ui-v1.15.0/server/
[debug] [2025-07-01T14:58:43.064Z] [unzip] Entry: server/server.mjs.map (compressed_size=217845 bytes, uncompressed_size=944978 bytes)
[debug] [2025-07-01T14:58:43.064Z] [unzip] Processing entry: server/server.mjs.map
[debug] [2025-07-01T14:58:43.064Z] [unzip] else mkdir: /root/.cache/firebase/emulators/ui-v1.15.0/server
[debug] [2025-07-01T14:58:43.065Z] [unzip] deflating: /root/.cache/firebase/emulators/ui-v1.15.0/server/server.mjs.map
[debug] [2025-07-01T14:58:43.071Z] [unzip] Entry: server/server.mjs (compressed_size=276407 bytes, uncompressed_size=933701 bytes)
[debug] [2025-07-01T14:58:43.071Z] [unzip] Processing entry: server/server.mjs
[debug] [2025-07-01T14:58:43.071Z] [unzip] else mkdir: /root/.cache/firebase/emulators/ui-v1.15.0/server
[debug] [2025-07-01T14:58:43.071Z] [unzip] deflating: /root/.cache/firebase/emulators/ui-v1.15.0/server/server.mjs
[debug] [2025-07-01T14:58:43.083Z] Could not find VSCode notification endpoint: FetchError: request to http://localhost:40001/vscode/notify failed, reason: . If you are not running the Firebase Data Connect VSCode extension, this is expected and not an issue.
[info] 
┌─────────────────────────────────────────────────────────────┐
│ ✔  All emulators ready! It is now safe to connect your app. │
│ i  View Emulator UI at http://127.0.0.1:4000/               │
└─────────────────────────────────────────────────────────────┘

┌───────────┬────────────────┬─────────────────────────────────┐
│ Emulator  │ Host:Port      │ View in Emulator UI             │
├───────────┼────────────────┼─────────────────────────────────┤
│ Firestore │ 127.0.0.1:8080 │ http://127.0.0.1:4000/firestore │
└───────────┴────────────────┴─────────────────────────────────┘
  Emulator Hub host: 127.0.0.1 port: 4400
  Other reserved ports: 4500, 9150

Issues? Report them at https://github.com/firebase/firebase-tools/issues and attach the *-debug.log files.
 
